<?xml version="1.0" encoding="UTF-8"?>
<!-- Generated by org.testng.reporters.JUnitXMLReporter -->
<testsuite hostname="DESKTOP-RKPLT57" ignored="0" name="ComprehensiveTest" tests="9" failures="0" timestamp="2023-12-25T18:27:40 IST" time="33.325" errors="0">
  <testcase name="clickLinks" time="7.97" classname="SDET.TestNGComprehensivePrograms.Implementation5"/>
  <testcase name="clickLinks" time="9.076" classname="SDET.TestNGComprehensivePrograms.Implementation5"/>
  <testcase name="clickLinks" time="7.664" classname="SDET.TestNGComprehensivePrograms.Implementation5"/>
  <testcase name="clickLinks" time="7.975" classname="SDET.TestNGComprehensivePrograms.Implementation5"/>
  <testcase name="verifyUrl" time="0.188" classname="SDET.TestNGComprehensivePrograms.Implementation5"/>
  <testcase name="verifyUrl" time="0.086" classname="SDET.TestNGComprehensivePrograms.Implementation5"/>
  <testcase name="verifyUrl" time="0.076" classname="SDET.TestNGComprehensivePrograms.Implementation5"/>
  <testcase name="verifyUrl" time="0.098" classname="SDET.TestNGComprehensivePrograms.Implementation5"/>
  <testcase name="verifyUrl" time="0.048" classname="SDET.TestNGComprehensivePrograms.Implementation5"/>
</testsuite> <!-- ComprehensiveTest -->
