<?xml version="1.0" encoding="UTF-8"?>
<!-- Generated by org.testng.reporters.JUnitXMLReporter -->
<testsuite hostname="DESKTOP-RKPLT57" ignored="0" name="ComprehensiveTest" tests="9" failures="0" timestamp="2023-12-25T18:23:58 IST" time="32.416" errors="0">
  <testcase name="clickLinks" time="8.427" classname="SDET.TestNGComprehensivePrograms.Implementation5"/>
  <testcase name="clickLinks" time="11.583" classname="SDET.TestNGComprehensivePrograms.Implementation5"/>
  <testcase name="clickLinks" time="7.691" classname="SDET.TestNGComprehensivePrograms.Implementation5"/>
  <testcase name="clickLinks" time="4.037" classname="SDET.TestNGComprehensivePrograms.Implementation5"/>
  <testcase name="verifyUrl" time="0.159" classname="SDET.TestNGComprehensivePrograms.Implementation5"/>
  <testcase name="verifyUrl" time="0.096" classname="SDET.TestNGComprehensivePrograms.Implementation5"/>
  <testcase name="verifyUrl" time="0.102" classname="SDET.TestNGComprehensivePrograms.Implementation5"/>
  <testcase name="verifyUrl" time="0.09" classname="SDET.TestNGComprehensivePrograms.Implementation5"/>
  <testcase name="verifyUrl" time="0.058" classname="SDET.TestNGComprehensivePrograms.Implementation5"/>
</testsuite> <!-- ComprehensiveTest -->
