<?xml version="1.0" encoding="UTF-8"?>
<testng-results skipped="0" failed="0" ignored="0" total="9" passed="9">
  <reporter-output>
  </reporter-output>
  <suite name="ComprehensivePrograms" duration-ms="33325" started-at="2023-12-25T18:27:07 IST" finished-at="2023-12-25T18:27:40 IST">
    <groups>
    </groups>
    <test name="ComprehensiveTest" duration-ms="33325" started-at="2023-12-25T18:27:07 IST" finished-at="2023-12-25T18:27:40 IST">
      <class name="SDET.TestNGComprehensivePrograms.Implementation5">
        <test-method status="PASS" signature="setBrowser()[pri:0, instance:SDET.TestNGComprehensivePrograms.Implementation5@a67c67e]" name="setBrowser" is-config="true" duration-ms="26483" started-at="2023-12-25T18:26:40 IST" finished-at="2023-12-25T18:27:07 IST">
          <reporter-output>
          </reporter-output>
        </test-method> <!-- setBrowser -->
        <test-method status="PASS" signature="clickLinks(java.lang.String,java.lang.String)[pri:0, instance:SDET.TestNGComprehensivePrograms.Implementation5@a67c67e]" name="clickLinks" duration-ms="7970" started-at="2023-12-25T18:27:07 IST" data-provider="getTestData_Click" finished-at="2023-12-25T18:27:15 IST">
          <params>
            <param index="0">
              <value>
                <![CDATA[//a[@href='/why-autify']]]>
              </value>
            </param>
            <param index="1">
              <value>
                <![CDATA[//div[@class='container whyAutify-header']//h1]]>
              </value>
            </param>
          </params>
          <reporter-output>
          </reporter-output>
        </test-method> <!-- clickLinks -->
        <test-method status="PASS" signature="clickLinks(java.lang.String,java.lang.String)[pri:0, instance:SDET.TestNGComprehensivePrograms.Implementation5@a67c67e]" name="clickLinks" duration-ms="9076" started-at="2023-12-25T18:27:15 IST" data-provider="getTestData_Click" finished-at="2023-12-25T18:27:24 IST">
          <params>
            <param index="0">
              <value>
                <![CDATA[//a[@href='/pricing']]]>
              </value>
            </param>
            <param index="1">
              <value>
                <![CDATA[(//div[@class='heading'])[1]]]>
              </value>
            </param>
          </params>
          <reporter-output>
          </reporter-output>
        </test-method> <!-- clickLinks -->
        <test-method status="PASS" signature="clickLinks(java.lang.String,java.lang.String)[pri:0, instance:SDET.TestNGComprehensivePrograms.Implementation5@a67c67e]" name="clickLinks" duration-ms="7664" started-at="2023-12-25T18:27:24 IST" data-provider="getTestData_Click" finished-at="2023-12-25T18:27:32 IST">
          <params>
            <param index="0">
              <value>
                <![CDATA[//a[@href='/webinars']]]>
              </value>
            </param>
            <param index="1">
              <value>
                <![CDATA[//div[@class='container ']//h1]]>
              </value>
            </param>
          </params>
          <reporter-output>
          </reporter-output>
        </test-method> <!-- clickLinks -->
        <test-method status="PASS" signature="clickLinks(java.lang.String,java.lang.String)[pri:0, instance:SDET.TestNGComprehensivePrograms.Implementation5@a67c67e]" name="clickLinks" duration-ms="7975" started-at="2023-12-25T18:27:32 IST" data-provider="getTestData_Click" finished-at="2023-12-25T18:27:40 IST">
          <params>
            <param index="0">
              <value>
                <![CDATA[(//span[@class='menu-image-title-after menu-image-title'])[1]]]>
              </value>
            </param>
            <param index="1">
              <value>
                <![CDATA[//div[@class='container container-sm']//h1]]>
              </value>
            </param>
          </params>
          <reporter-output>
          </reporter-output>
        </test-method> <!-- clickLinks -->
        <test-method status="PASS" signature="verifyUrl(java.lang.String,java.lang.String)[pri:0, instance:SDET.TestNGComprehensivePrograms.Implementation5@a67c67e]" name="verifyUrl" duration-ms="188" started-at="2023-12-25T18:27:40 IST" data-provider="getTestData_Verify" finished-at="2023-12-25T18:27:40 IST">
          <params>
            <param index="0">
              <value>
                <![CDATA[Why Autify]]>
              </value>
            </param>
            <param index="1">
              <value>
                <![CDATA[//a[@href='/why-autify']]]>
              </value>
            </param>
          </params>
          <reporter-output>
          </reporter-output>
        </test-method> <!-- verifyUrl -->
        <test-method status="PASS" signature="verifyUrl(java.lang.String,java.lang.String)[pri:0, instance:SDET.TestNGComprehensivePrograms.Implementation5@a67c67e]" name="verifyUrl" duration-ms="86" started-at="2023-12-25T18:27:40 IST" data-provider="getTestData_Verify" finished-at="2023-12-25T18:27:40 IST">
          <params>
            <param index="0">
              <value>
                <![CDATA[Pricing]]>
              </value>
            </param>
            <param index="1">
              <value>
                <![CDATA[//a[@href='/pricing']]]>
              </value>
            </param>
          </params>
          <reporter-output>
          </reporter-output>
        </test-method> <!-- verifyUrl -->
        <test-method status="PASS" signature="verifyUrl(java.lang.String,java.lang.String)[pri:0, instance:SDET.TestNGComprehensivePrograms.Implementation5@a67c67e]" name="verifyUrl" duration-ms="76" started-at="2023-12-25T18:27:40 IST" data-provider="getTestData_Verify" finished-at="2023-12-25T18:27:40 IST">
          <params>
            <param index="0">
              <value>
                <![CDATA[Webinars]]>
              </value>
            </param>
            <param index="1">
              <value>
                <![CDATA[//a[@href='/webinars']]]>
              </value>
            </param>
          </params>
          <reporter-output>
          </reporter-output>
        </test-method> <!-- verifyUrl -->
        <test-method status="PASS" signature="verifyUrl(java.lang.String,java.lang.String)[pri:0, instance:SDET.TestNGComprehensivePrograms.Implementation5@a67c67e]" name="verifyUrl" duration-ms="98" started-at="2023-12-25T18:27:40 IST" data-provider="getTestData_Verify" finished-at="2023-12-25T18:27:40 IST">
          <params>
            <param index="0">
              <value>
                <![CDATA[Resources]]>
              </value>
            </param>
            <param index="1">
              <value>
                <![CDATA[(//a[@href='#'])[1]]]>
              </value>
            </param>
          </params>
          <reporter-output>
          </reporter-output>
        </test-method> <!-- verifyUrl -->
        <test-method status="PASS" signature="verifyUrl(java.lang.String,java.lang.String)[pri:0, instance:SDET.TestNGComprehensivePrograms.Implementation5@a67c67e]" name="verifyUrl" duration-ms="48" started-at="2023-12-25T18:27:40 IST" data-provider="getTestData_Verify" finished-at="2023-12-25T18:27:40 IST">
          <params>
            <param index="0">
              <value>
                <![CDATA[(//a[@title='Start Free Trial'])[1]]]>
              </value>
            </param>
            <param index="1">
              <value>
                <![CDATA[//a[@title='Sign in']]]>
              </value>
            </param>
          </params>
          <reporter-output>
          </reporter-output>
        </test-method> <!-- verifyUrl -->
        <test-method status="PASS" signature="closeBrowser()[pri:0, instance:SDET.TestNGComprehensivePrograms.Implementation5@a67c67e]" name="closeBrowser" is-config="true" duration-ms="1543" started-at="2023-12-25T18:27:40 IST" finished-at="2023-12-25T18:27:42 IST">
          <reporter-output>
          </reporter-output>
        </test-method> <!-- closeBrowser -->
      </class> <!-- SDET.TestNGComprehensivePrograms.Implementation5 -->
    </test> <!-- ComprehensiveTest -->
  </suite> <!-- ComprehensivePrograms -->
</testng-results>
